<?xml version="1.0" encoding="UTF-8"?>
<Site BuildName="(empty)"
	BuildStamp="20241224-0129-Experimental"
	Name="(empty)"
	Generator="ctest-3.22.1"
	CompilerName=""
	CompilerVersion=""
	OSName="Linux"
	Hostname="US007923"
	OSRelease="5.15.167.4-microsoft-standard-WSL2"
	OSVersion="#1 SMP Tue Nov 5 00:21:55 UTC 2024"
	OSPlatform="x86_64"
	Is64Bits="1"
	VendorString="GenuineIntel"
	VendorID="Intel Corporation"
	FamilyID="6"
	ModelID="151"
	ProcessorCacheSize="25600"
	NumberOfLogicalCPU="24"
	NumberOfPhysicalCPU="12"
	TotalVirtualMemory="8192"
	TotalPhysicalMemory="31941"
	LogicalProcessorsPerPhysical="2"
	ProcessorClockFrequency="2419.2"
	>
	<Testing>
		<StartDateTime>Dec 23 19:31 CST</StartDateTime>
		<StartTestTime>1735003878</StartTestTime>
		<TestList>
			<Test>./build_profile</Test>
			<Test>./test_profile</Test>
		</TestList>
		<Test Status="passed">
			<Name>build_profile</Name>
			<Path>.</Path>
			<FullName>./build_profile</FullName>
			<FullCommandLine>/usr/bin/cmake "--build" "/home/skarg/privateprofilestring/test/build" "--config" "$&lt;CONFIG&gt;" "--target" "test_profile"</FullCommandLine>
			<Results>
				<NamedMeasurement type="numeric/double" name="Execution Time">
					<Value>0.0056992</Value>
				</NamedMeasurement>
				<NamedMeasurement type="numeric/double" name="Processors">
					<Value>1</Value>
				</NamedMeasurement>
				<NamedMeasurement type="text/string" name="Completion Status">
					<Value>Completed</Value>
				</NamedMeasurement>
				<NamedMeasurement type="text/string" name="Command Line">
					<Value>/usr/bin/cmake "--build" "/home/skarg/privateprofilestring/test/build" "--config" "$&lt;CONFIG&gt;" "--target" "test_profile"</Value>
				</NamedMeasurement>
				<NamedMeasurement type="text/string" name="Environment">
					<Value>#CTEST_RESOURCE_GROUP_COUNT=</Value>
				</NamedMeasurement>
				<Measurement>
					<Value>ninja: no work to do.
</Value>
				</Measurement>
			</Results>
		</Test>
		<Test Status="passed">
			<Name>test_profile</Name>
			<Path>.</Path>
			<FullName>./test_profile</FullName>
			<FullCommandLine>/home/skarg/privateprofilestring/test/build/src/profile/test_profile</FullCommandLine>
			<Results>
				<NamedMeasurement type="numeric/double" name="Execution Time">
					<Value>0.00391791</Value>
				</NamedMeasurement>
				<NamedMeasurement type="numeric/double" name="Processors">
					<Value>1</Value>
				</NamedMeasurement>
				<NamedMeasurement type="text/string" name="Completion Status">
					<Value>Completed</Value>
				</NamedMeasurement>
				<NamedMeasurement type="text/string" name="Command Line">
					<Value>/home/skarg/privateprofilestring/test/build/src/profile/test_profile</Value>
				</NamedMeasurement>
				<NamedMeasurement type="text/string" name="Environment">
					<Value>#CTEST_RESOURCE_GROUP_COUNT=</Value>
				</NamedMeasurement>
				<Measurement>
					<Value></Value>
				</Measurement>
			</Results>
		</Test>
		<EndDateTime>Dec 23 19:31 CST</EndDateTime>
		<EndTestTime>1735003878</EndTestTime>
		<ElapsedMinutes>0</ElapsedMinutes>
	</Testing>
</Site>
