TN:
SF:/home/skarg/privateprofilestring/src/profile.c
FN:63,filecopy
FNDA:34,filecopy
FN:117,WritePrivateProfileString
FNDA:40,WritePrivateProfileString
FN:367,GetPrivateProfileString
FNDA:92,GetPrivateProfileString
DA:63,34
DA:67,34
DA:68,34
DA:70,34
DA:72,34
DA:73,34
DA:75,0
DA:78,34
DA:80,34
DA:117,40
DA:125,40
DA:126,40
DA:127,40
DA:128,40
DA:129,40
DA:130,40
DA:133,40
DA:134,0
DA:137,40
DA:138,0
DA:140,40
DA:141,40
DA:143,6
DA:146,6
DA:147,6
DA:149,6
DA:150,6
DA:151,6
DA:152,6
DA:159,34
DA:161,34
DA:163,188
DA:166,154
DA:167,154
DA:169,154
DA:173,12
DA:176,142
DA:179,30
DA:182,0
DA:185,30
DA:188,2
DA:189,0
DA:190,2
DA:191,2
DA:193,2
DA:196,28
DA:201,20
DA:204,0
DA:209,20
DA:210,20
DA:211,20
DA:212,20
DA:214,4
DA:215,4
DA:218,4
DA:219,2
DA:224,16
DA:229,112
DA:231,52
DA:232,52
DA:235,52
DA:237,22
DA:239,22
DA:240,18
DA:243,30
DA:249,60
DA:253,34
DA:255,10
DA:257,34
DA:259,24
DA:260,24
DA:263,34
DA:265,34
DA:266,34
DA:268,34
DA:269,34
DA:270,34
DA:272,34
DA:277,0
DA:280,40
DA:367,92
DA:375,92
DA:376,92
DA:377,92
DA:378,92
DA:379,92
DA:380,92
DA:381,92
DA:382,92
DA:383,92
DA:385,92
DA:386,0
DA:389,92
DA:391,92
DA:392,92
DA:395,90
DA:397,32
DA:400,30
DA:401,30
DA:402,30
DA:404,12
DA:406,12
DA:407,12
DA:409,10
DA:410,10
DA:411,10
DA:412,10
DA:417,2
DA:418,2
DA:419,2
DA:420,2
DA:421,2
DA:422,2
DA:431,384
DA:434,366
DA:435,366
DA:437,366
DA:442,366
DA:445,120
DA:450,120
DA:453,8
DA:454,6
DA:456,8
DA:459,112
DA:461,100
DA:462,100
DA:464,100
DA:466,58
DA:467,58
DA:469,58
DA:470,58
DA:472,58
DA:473,58
DA:474,58
DA:476,58
DA:477,58
DA:479,56
DA:484,2
DA:485,2
DA:487,58
DA:490,58
DA:496,12
DA:497,12
DA:498,12
DA:499,12
DA:500,12
DA:502,10
DA:503,10
DA:504,10
DA:505,10
DA:510,2
DA:511,2
DA:512,2
DA:513,2
DA:514,2
DA:515,2
DA:520,246
DA:522,132
DA:524,132
DA:525,70
DA:529,86
DA:530,16
DA:532,90
DA:535,14
DA:536,8
DA:538,14
DA:540,90
DA:544,2
DA:547,92
DA:548,8
DA:550,92
DA:552,26
DA:553,26
DA:555,26
DA:556,26
DA:557,26
DA:559,26
DA:562,92
end_of_record
TN:
SF:/home/skarg/privateprofilestring/src/rmspace.c
FN:67,rmlead
FNDA:634,rmlead
FN:93,rmtrail
FNDA:766,rmtrail
FN:118,rmquotes
FNDA:84,rmquotes
FN:145,rmbrackets
FNDA:196,rmbrackets
DA:67,634
DA:70,634
DA:72,634
DA:73,642
DA:75,634
DA:76,634
DA:77,4
DA:81,634
DA:93,766
DA:95,766
DA:97,766
DA:99,766
DA:101,1324
DA:102,766
DA:103,558
DA:104,766
DA:107,766
DA:118,84
DA:121,84
DA:123,84
DA:124,84
DA:125,84
DA:126,84
DA:127,84
DA:128,4
DA:129,4
DA:130,4
DA:134,84
DA:145,196
DA:148,196
DA:150,196
DA:151,196
DA:152,196
DA:153,196
DA:154,196
DA:155,196
DA:156,196
DA:160,196
end_of_record
TN:
SF:/home/skarg/privateprofilestring/src/stptok.c
FN:42,stptok
FNDA:132,stptok
DA:42,132
DA:54,132
DA:55,0
DA:59,132
DA:60,0
DA:63,132
DA:64,862
DA:65,1592
DA:66,862
DA:67,132
DA:68,264
DA:69,132
DA:70,0
DA:71,0
DA:74,132
DA:75,0
DA:77,132
DA:80,730
DA:82,0
DA:83,0
DA:84,0
DA:86,0
end_of_record
TN:
SF:/home/skarg/privateprofilestring/test/src/profile/src/main.c
FN:25,TestWritePrivateProfileString
FNDA:38,TestWritePrivateProfileString
FN:68,TestGetPrivateProfileString
FNDA:36,TestGetPrivateProfileString
FN:97,test_PrivateProfileString
FNDA:2,test_PrivateProfileString
FN:215,test_PrivateProfileStringWrite
FNDA:2,test_PrivateProfileStringWrite
FN:284,test_PrivateProfileStringErase
FNDA:2,test_PrivateProfileStringErase
FN:334,main
FNDA:2,main
DA:25,38
DA:31,38
DA:32,38
DA:33,38
DA:34,38
DA:37,38
DA:38,0
DA:40,38
DA:41,0
DA:43,38
DA:44,8
DA:46,30
DA:47,30
DA:49,38
DA:51,38
DA:53,38
DA:54,38
DA:56,38
DA:68,36
DA:74,36
DA:75,36
DA:76,36
DA:77,36
DA:80,36
DA:81,24
DA:83,12
DA:84,36
DA:86,36
DA:87,36
DA:89,36
DA:97,2
DA:99,2
DA:100,2
DA:101,2
DA:102,2
DA:103,2
DA:104,2
DA:105,2
DA:106,2
DA:107,2
DA:108,2
DA:111,2
DA:114,2
DA:116,2
DA:117,2
DA:120,2
DA:123,2
DA:126,2
DA:129,2
DA:130,2
DA:131,2
DA:132,2
DA:133,2
DA:134,2
DA:136,2
DA:137,2
DA:139,2
DA:142,2
DA:147,2
DA:148,2
DA:149,2
DA:151,2
DA:152,2
DA:155,2
DA:156,2
DA:157,2
DA:158,2
DA:160,2
DA:161,2
DA:166,2
DA:167,2
DA:168,2
DA:170,2
DA:171,2
DA:174,2
DA:175,2
DA:176,2
DA:177,2
DA:179,2
DA:180,2
DA:183,2
DA:184,2
DA:185,2
DA:186,2
DA:188,2
DA:189,2
DA:192,2
DA:193,2
DA:194,2
DA:196,2
DA:197,2
DA:200,2
DA:201,2
DA:202,2
DA:204,2
DA:205,2
DA:207,2
DA:215,2
DA:217,2
DA:221,2
DA:224,2
DA:226,2
DA:230,2
DA:232,2
DA:237,2
DA:239,2
DA:241,2
DA:243,2
DA:245,2
DA:251,2
DA:253,2
DA:255,2
DA:257,2
DA:259,2
DA:265,2
DA:267,2
DA:269,2
DA:271,2
DA:273,2
DA:276,2
DA:284,2
DA:286,2
DA:289,2
DA:292,2
DA:294,2
DA:298,2
DA:300,2
DA:304,2
DA:306,2
DA:312,2
DA:314,2
DA:316,2
DA:318,2
DA:320,2
DA:322,2
DA:324,2
DA:327,2
DA:334,2
DA:336,2
DA:337,2
DA:338,2
DA:340,2
end_of_record
